<?xml version="1.0" encoding="UTF-8"?>
<!-- Generated by org.testng.reporters.JUnitReportReporter -->
<testsuite hostname="DESKTOP-44VVFN8" failures="0" tests="1" name="PageObjectDemo.LoginTest" time="1.912" errors="0" timestamp="2025-08-23T08:45:57 IST" skipped="0">
  <testcase classname="PageObjectDemo.LoginTest" name="testLogin" time="1.912"/>
</testsuite> <!-- PageObjectDemo.LoginTest -->
