<?xml version="1.0" encoding="UTF-8"?>
<!-- Generated by org.testng.reporters.JUnitReportReporter -->
<testsuite hostname="DESKTOP-44VVFN8" failures="0" tests="1" name="medimention.testCases.TC_Login" time="42.364" errors="0" timestamp="2025-09-06T09:39:46 IST" skipped="0">
  <testcase classname="medimention.testCases.TC_Login" name="acc_Reg" time="42.364"/>
</testsuite> <!-- medimention.testCases.TC_Login -->
