<?xml version="1.0" encoding="UTF-8"?>
<!-- Generated by org.testng.reporters.JUnitReportReporter -->
<testsuite hostname="DESKTOP-44VVFN8" failures="0" tests="1" name="medimention.testCases.TC_Login" time="14.150" errors="0" timestamp="2025-09-07T08:43:30 IST" skipped="0">
  <testcase classname="medimention.testCases.TC_Login" name="acc_Reg" time="14.150"/>
</testsuite> <!-- medimention.testCases.TC_Login -->
